<?xml version="1.0" encoding="UTF-8"?>
<testng-results ignored="0" total="1" passed="0" failed="1" skipped="0">
  <reporter-output>
  </reporter-output>
  <suite started-at="2025-05-26T10:51:02 IST" name="Default suite" finished-at="2025-05-26T10:51:31 IST" duration-ms="28649">
    <groups>
    </groups>
    <test started-at="2025-05-26T10:51:02 IST" name="Default test" finished-at="2025-05-26T10:51:31 IST" duration-ms="28649">
      <class name="contacts.TC_VT_002_Test">
        <test-method is-config="true" signature="reportConfig()[pri:0, instance:contacts.TC_VT_002_Test@7dc0f706]" started-at="2025-05-26T10:51:02 IST" name="reportConfig" finished-at="2025-05-26T10:51:02 IST" duration-ms="416" status="PASS">
          <reporter-output>
          </reporter-output>
        </test-method> <!-- reportConfig -->
        <test-method is-config="true" signature="openBrowser()[pri:0, instance:contacts.TC_VT_002_Test@7dc0f706]" started-at="2025-05-26T10:51:02 IST" name="openBrowser" finished-at="2025-05-26T10:51:06 IST" duration-ms="3686" status="PASS">
          <reporter-output>
          </reporter-output>
        </test-method> <!-- openBrowser -->
        <test-method is-config="true" signature="login()[pri:0, instance:contacts.TC_VT_002_Test@7dc0f706]" started-at="2025-05-26T10:51:06 IST" name="login" finished-at="2025-05-26T10:51:09 IST" duration-ms="3660" status="PASS">
          <reporter-output>
          </reporter-output>
        </test-method> <!-- login -->
        <test-method signature="createContact()[pri:0, instance:contacts.TC_VT_002_Test@7dc0f706]" started-at="2025-05-26T10:51:09 IST" name="createContact" finished-at="2025-05-26T10:51:28 IST" duration-ms="18532" status="FAIL">
          <exception class="java.io.FileNotFoundException">
            <message>
              <![CDATA[.\src\test\resources\TestData\TestScriptData.xlsx (The system cannot find the file specified)]]>
            </message>
            <full-stacktrace>
              <![CDATA[java.io.FileNotFoundException: .\src\test\resources\TestData\TestScriptData.xlsx (The system cannot find the file specified)
at java.base/java.io.FileInputStream.open0(Native Method)
at java.base/java.io.FileInputStream.open(FileInputStream.java:219)
at java.base/java.io.FileInputStream.<init>(FileInputStream.java:159)
at java.base/java.io.FileInputStream.<init>(FileInputStream.java:112)
at GenericUtlity.ExcelUtility.getStringDataFromExcel(ExcelUtility.java:16)
at contacts.TC_VT_002_Test.createContact(TC_VT_002_Test.java:28)
at java.base/jdk.internal.reflect.DirectMethodHandleAccessor.invoke(DirectMethodHandleAccessor.java:103)
at java.base/java.lang.reflect.Method.invoke(Method.java:580)
at org.testng.internal.invokers.MethodInvocationHelper.invokeMethod(MethodInvocationHelper.java:141)
at org.testng.internal.invokers.TestInvoker.invokeMethod(TestInvoker.java:686)
at org.testng.internal.invokers.TestInvoker.invokeTestMethod(TestInvoker.java:230)
at org.testng.internal.invokers.MethodRunner.runInSequence(MethodRunner.java:63)
at org.testng.internal.invokers.TestInvoker$MethodInvocationAgent.invoke(TestInvoker.java:992)
at org.testng.internal.invokers.TestInvoker.invokeTestMethods(TestInvoker.java:203)
at org.testng.internal.invokers.TestMethodWorker.invokeTestMethods(TestMethodWorker.java:154)
at org.testng.internal.invokers.TestMethodWorker.run(TestMethodWorker.java:134)
at java.base/java.util.ArrayList.forEach(ArrayList.java:1597)
at org.testng.TestRunner.privateRun(TestRunner.java:739)
at org.testng.TestRunner.run(TestRunner.java:614)
at org.testng.SuiteRunner.runTest(SuiteRunner.java:421)
at org.testng.SuiteRunner.runSequentially(SuiteRunner.java:413)
at org.testng.SuiteRunner.privateRun(SuiteRunner.java:373)
at org.testng.SuiteRunner.run(SuiteRunner.java:312)
at org.testng.SuiteRunnerWorker.runSuite(SuiteRunnerWorker.java:52)
at org.testng.SuiteRunnerWorker.run(SuiteRunnerWorker.java:95)
at org.testng.TestNG.runSuitesSequentially(TestNG.java:1274)
at org.testng.TestNG.runSuitesLocally(TestNG.java:1208)
at org.testng.TestNG.runSuites(TestNG.java:1112)
at org.testng.TestNG.run(TestNG.java:1079)
at org.testng.remote.AbstractRemoteTestNG.run(AbstractRemoteTestNG.java:115)
at org.testng.remote.RemoteTestNG.initAndRun(RemoteTestNG.java:293)
at org.testng.remote.RemoteTestNG.main(RemoteTestNG.java:91)
]]>
            </full-stacktrace>
          </exception> <!-- java.io.FileNotFoundException -->
          <reporter-output>
          </reporter-output>
        </test-method> <!-- createContact -->
        <test-method is-config="true" signature="logout()[pri:0, instance:contacts.TC_VT_002_Test@7dc0f706]" started-at="2025-05-26T10:51:28 IST" name="logout" finished-at="2025-05-26T10:51:30 IST" duration-ms="2420" status="PASS">
          <reporter-output>
          </reporter-output>
        </test-method> <!-- logout -->
        <test-method is-config="true" signature="closeBrowser()[pri:0, instance:contacts.TC_VT_002_Test@7dc0f706]" started-at="2025-05-26T10:51:30 IST" name="closeBrowser" finished-at="2025-05-26T10:51:31 IST" duration-ms="300" status="PASS">
          <reporter-output>
          </reporter-output>
        </test-method> <!-- closeBrowser -->
        <test-method is-config="true" signature="reportBackup()[pri:0, instance:contacts.TC_VT_002_Test@7dc0f706]" started-at="2025-05-26T10:51:31 IST" name="reportBackup" finished-at="2025-05-26T10:51:31 IST" duration-ms="498" status="PASS">
          <reporter-output>
          </reporter-output>
        </test-method> <!-- reportBackup -->
      </class> <!-- contacts.TC_VT_002_Test -->
    </test> <!-- Default test -->
  </suite> <!-- Default suite -->
</testng-results>
